03-06 19:36:56 com_github_MitjaNemec_ReplicateLayout.action_replicate_layout 392:Plugin executed on: 'win32'
03-06 19:36:56 com_github_MitjaNemec_ReplicateLayout.action_replicate_layout 393:Plugin executed with python version: '3.11.5 (main, Aug 14 2024, 05:26:19) [MSC v.1939 64 bit (AMD64)]'
03-06 19:36:56 com_github_MitjaNemec_ReplicateLayout.action_replicate_layout 394:KiCad build version: 8.0.5
03-06 19:36:56 com_github_MitjaNemec_ReplicateLayout.action_replicate_layout 395:Plugin version: 3.0.3
03-06 19:36:56 com_github_MitjaNemec_ReplicateLayout.action_replicate_layout 396:Frame repr: <wx._core.Frame object at 0x0000018289CBB010>
03-06 19:36:56 com_github_MitjaNemec_ReplicateLayout.action_replicate_layout 420:Preparing replicator with Q1 as a reference
03-06 19:36:56 com_github_MitjaNemec_ReplicateLayout.replicate_layout 117:getting a list of all footprints on board
03-06 19:36:56 com_github_MitjaNemec_ReplicateLayout.action_replicate_layout 468:source anchor footprint is 'Q1'
Located on: ['Bus Protection', 'I2C Protection9']
With filenames: ['BusProtection.kicad_sch', 'I2CProtection.kicad_sch']
With sheet_id:['Bus Protection', 'I2C Protection9']
03-06 19:36:56 com_github_MitjaNemec_ReplicateLayout.action_replicate_layout 475:Corresponding footprints are 
[('Q5', ['Bus Protection', 'I2C Protection10']), ('Q11', ['Bus Protection', 'I2C Protection13']), ('Q3', ['Bus Protection', 'I2C Protection8']), ('Q1', ['Bus Protection', 'I2C Protection9']), ('Q7', ['Bus Protection', 'I2C Protection11']), ('Q9', ['Bus Protection', 'I2C Protection12'])]
03-06 19:36:56 com_github_MitjaNemec_ReplicateLayout.action_replicate_layout 487:Showing dialog
03-06 19:36:56 com_github_MitjaNemec_ReplicateLayout.replicate_layout 472:constructing a list of sheets suitable for replication on level:'I2C Protection9', file:'I2CProtection.kicad_sch'
03-06 19:36:56 com_github_MitjaNemec_ReplicateLayout.replicate_layout 509:suitable sheets are:[['Bus Protection', 'I2C Protection10'], ['Bus Protection', 'I2C Protection11'], ['Bus Protection', 'I2C Protection12'], ['Bus Protection', 'I2C Protection13'], ['Bus Protection', 'I2C Protection8']]
03-06 19:36:56 com_github_MitjaNemec_ReplicateLayout.replicate_layout 1507:Level selected: ['Bus Protection', 'I2C Protection9']
03-06 19:36:56 com_github_MitjaNemec_ReplicateLayout.replicate_layout 1331:Filtering list of tracks
03-06 19:36:57 com_github_MitjaNemec_ReplicateLayout.action_replicate_layout 493:Toolbar position: wx.Point(1601, 142)
03-06 19:36:57 com_github_MitjaNemec_ReplicateLayout.action_replicate_layout 498:Dialog position: wx.Point(1162, 142)
03-06 19:36:58 com_github_MitjaNemec_ReplicateLayout.replicate_layout 472:constructing a list of sheets suitable for replication on level:'Bus Protection', file:'BusProtection.kicad_sch'
03-06 19:36:58 com_github_MitjaNemec_ReplicateLayout.replicate_layout 509:suitable sheets are:[]
03-06 19:36:58 com_github_MitjaNemec_ReplicateLayout.replicate_layout 1507:Level selected: ['Bus Protection']
03-06 19:36:58 com_github_MitjaNemec_ReplicateLayout.replicate_layout 1331:Filtering list of tracks
03-06 19:37:02 com_github_MitjaNemec_ReplicateLayout.replicate_layout 472:constructing a list of sheets suitable for replication on level:'Bus Protection', file:'BusProtection.kicad_sch'
03-06 19:37:02 com_github_MitjaNemec_ReplicateLayout.replicate_layout 509:suitable sheets are:[]
03-06 19:37:02 com_github_MitjaNemec_ReplicateLayout.action_replicate_layout 240:Replicating layout
03-06 19:37:02 com_github_MitjaNemec_ReplicateLayout.replicate_layout 288:Starting replication of sheets: []
on level: ['Bus Protection']
with tracks=True, zone=True, text=True, text=True, intersecting=False, remove=False, locked footprints=False, group_only=False
03-06 19:37:02 root 332:updating GUI message: 'Preparing for replication'
03-06 19:37:02 root 337:updating GUI with: 0
03-06 19:37:02 com_github_MitjaNemec_ReplicateLayout.replicate_layout 358:Getting the list of source footprints
03-06 19:37:02 com_github_MitjaNemec_ReplicateLayout.replicate_layout 368:Getting the list of all the remaining footprints
03-06 19:37:02 com_github_MitjaNemec_ReplicateLayout.replicate_layout 375:Getting source tracks
03-06 19:37:02 com_github_MitjaNemec_ReplicateLayout.replicate_layout 1331:Filtering list of tracks
03-06 19:37:02 com_github_MitjaNemec_ReplicateLayout.replicate_layout 379:Getting source zones
03-06 19:37:02 root 337:updating GUI with: 50
03-06 19:37:02 com_github_MitjaNemec_ReplicateLayout.replicate_layout 383:Getting source text items
03-06 19:37:02 com_github_MitjaNemec_ReplicateLayout.replicate_layout 387:Getting source drawing items
03-06 19:37:02 root 332:updating GUI message: 'Replicating footprints'
03-06 19:37:02 com_github_MitjaNemec_ReplicateLayout.replicate_layout 861:Replicating footprints
03-06 19:37:02 root 332:updating GUI message: 'Replicating tracks'
03-06 19:37:02 root 337:updating GUI with: 0
03-06 19:37:02 com_github_MitjaNemec_ReplicateLayout.replicate_layout 1009:Replicating tracks
03-06 19:37:02 root 332:updating GUI message: 'Replicating zones'
03-06 19:37:02 com_github_MitjaNemec_ReplicateLayout.replicate_layout 1079:Replicating zones
03-06 19:37:02 root 332:updating GUI message: 'Replicating text'
03-06 19:37:02 com_github_MitjaNemec_ReplicateLayout.replicate_layout 1168:Replicating text
03-06 19:37:02 root 332:updating GUI message: 'Replicating drawings'
03-06 19:37:02 com_github_MitjaNemec_ReplicateLayout.replicate_layout 1219:Replicating drawings
03-06 19:37:03 com_github_MitjaNemec_ReplicateLayout.action_replicate_layout 256:Replication complete
